The system is: Linux - 2.6.32-504.3.3.el6.x86_64 - x86_64
Compiling the C compiler identification source file "CMakeCCompilerId.c" succeeded.
Compiler: /usr/bin/cc 
Build flags: 
Id flags: 

The output was:
0


Compilation of the C compiler identification source "CMakeCCompilerId.c" produced "a.out"

The C compiler identification is GNU, found in "/usr/users/iff_th2/duman/Defects/Scripts/DefectAnalysis/build/CMakeFiles/3.5.1/CompilerIdC/a.out"

Compiling the CXX compiler identification source file "CMakeCXXCompilerId.cpp" succeeded.
Compiler: /usr/local/gcc6/bin/g++ 
Build flags: 
Id flags: 

The output was:
0


Compilation of the CXX compiler identification source "CMakeCXXCompilerId.cpp" produced "a.out"

The CXX compiler identification is GNU, found in "/usr/users/iff_th2/duman/Defects/Scripts/DefectAnalysis/build/CMakeFiles/3.5.1/CompilerIdCXX/a.out"

Determining if the C compiler works passed with the following output:
Change Dir: /usr/users/iff_th2/duman/Defects/Scripts/DefectAnalysis/build/CMakeFiles/CMakeTmp

Run Build Command:"/usr/bin/gmake" "cmTC_27007/fast"
/usr/bin/gmake -f CMakeFiles/cmTC_27007.dir/build.make CMakeFiles/cmTC_27007.dir/build
gmake[1]: Entering directory `/usr/users/iff_th2/duman/Defects/Scripts/DefectAnalysis/build/CMakeFiles/CMakeTmp'
Building C object CMakeFiles/cmTC_27007.dir/testCCompiler.c.o
/usr/bin/cc     -o CMakeFiles/cmTC_27007.dir/testCCompiler.c.o   -c /usr/users/iff_th2/duman/Defects/Scripts/DefectAnalysis/build/CMakeFiles/CMakeTmp/testCCompiler.c
Linking C executable cmTC_27007
/tmp_mnt/el6/bin/cmake -E cmake_link_script CMakeFiles/cmTC_27007.dir/link.txt --verbose=1
/usr/bin/cc       CMakeFiles/cmTC_27007.dir/testCCompiler.c.o  -o cmTC_27007 
gmake[1]: Leaving directory `/usr/users/iff_th2/duman/Defects/Scripts/DefectAnalysis/build/CMakeFiles/CMakeTmp'


Detecting C compiler ABI info compiled with the following output:
Change Dir: /usr/users/iff_th2/duman/Defects/Scripts/DefectAnalysis/build/CMakeFiles/CMakeTmp

Run Build Command:"/usr/bin/gmake" "cmTC_bf5c8/fast"
/usr/bin/gmake -f CMakeFiles/cmTC_bf5c8.dir/build.make CMakeFiles/cmTC_bf5c8.dir/build
gmake[1]: Entering directory `/usr/users/iff_th2/duman/Defects/Scripts/DefectAnalysis/build/CMakeFiles/CMakeTmp'
Building C object CMakeFiles/cmTC_bf5c8.dir/CMakeCCompilerABI.c.o
/usr/bin/cc     -o CMakeFiles/cmTC_bf5c8.dir/CMakeCCompilerABI.c.o   -c /tmp_mnt/el6/share/cmake-3.5/Modules/CMakeCCompilerABI.c
Linking C executable cmTC_bf5c8
/tmp_mnt/el6/bin/cmake -E cmake_link_script CMakeFiles/cmTC_bf5c8.dir/link.txt --verbose=1
/usr/bin/cc      -v CMakeFiles/cmTC_bf5c8.dir/CMakeCCompilerABI.c.o  -o cmTC_bf5c8  
Using built-in specs.
Target: x86_64-redhat-linux
Configured with: ../configure --prefix=/usr --mandir=/usr/share/man --infodir=/usr/share/info --with-bugurl=http://bugzilla.redhat.com/bugzilla --enable-bootstrap --enable-shared --enable-threads=posix --enable-checking=release --with-system-zlib --enable-__cxa_atexit --disable-libunwind-exceptions --enable-gnu-unique-object --enable-languages=c,c++,objc,obj-c++,java,fortran,ada --enable-java-awt=gtk --disable-dssi --with-java-home=/usr/lib/jvm/java-1.5.0-gcj-1.5.0.0/jre --enable-libgcj-multifile --enable-java-maintainer-mode --with-ecj-jar=/usr/share/java/eclipse-ecj.jar --disable-libjava-multilib --with-ppl --with-cloog --with-tune=generic --with-arch_32=i686 --build=x86_64-redhat-linux
Thread model: posix
gcc version 4.4.7 20120313 (Red Hat 4.4.7-18) (GCC) 
COMPILER_PATH=/usr/libexec/gcc/x86_64-redhat-linux/4.4.7/:/usr/libexec/gcc/x86_64-redhat-linux/4.4.7/:/usr/libexec/gcc/x86_64-redhat-linux/:/usr/lib/gcc/x86_64-redhat-linux/4.4.7/:/usr/lib/gcc/x86_64-redhat-linux/:/usr/libexec/gcc/x86_64-redhat-linux/4.4.7/:/usr/libexec/gcc/x86_64-redhat-linux/:/usr/lib/gcc/x86_64-redhat-linux/4.4.7/:/usr/lib/gcc/x86_64-redhat-linux/
LIBRARY_PATH=/usr/lib/gcc/x86_64-redhat-linux/4.4.7/:/usr/lib/gcc/x86_64-redhat-linux/4.4.7/:/usr/lib/gcc/x86_64-redhat-linux/4.4.7/../../../../lib64/:/lib/../lib64/:/usr/lib/../lib64/:/usr/lib/gcc/x86_64-redhat-linux/4.4.7/../../../:/lib/:/usr/lib/
COLLECT_GCC_OPTIONS='-v' '-o' 'cmTC_bf5c8' '-mtune=generic'
 /usr/libexec/gcc/x86_64-redhat-linux/4.4.7/collect2 --eh-frame-hdr --build-id -m elf_x86_64 --hash-style=gnu -dynamic-linker /lib64/ld-linux-x86-64.so.2 -o cmTC_bf5c8 /usr/lib/gcc/x86_64-redhat-linux/4.4.7/../../../../lib64/crt1.o /usr/lib/gcc/x86_64-redhat-linux/4.4.7/../../../../lib64/crti.o /usr/lib/gcc/x86_64-redhat-linux/4.4.7/crtbegin.o -L/usr/lib/gcc/x86_64-redhat-linux/4.4.7 -L/usr/lib/gcc/x86_64-redhat-linux/4.4.7 -L/usr/lib/gcc/x86_64-redhat-linux/4.4.7/../../../../lib64 -L/lib/../lib64 -L/usr/lib/../lib64 -L/usr/lib/gcc/x86_64-redhat-linux/4.4.7/../../.. CMakeFiles/cmTC_bf5c8.dir/CMakeCCompilerABI.c.o -lgcc --as-needed -lgcc_s --no-as-needed -lc -lgcc --as-needed -lgcc_s --no-as-needed /usr/lib/gcc/x86_64-redhat-linux/4.4.7/crtend.o /usr/lib/gcc/x86_64-redhat-linux/4.4.7/../../../../lib64/crtn.o
gmake[1]: Leaving directory `/usr/users/iff_th2/duman/Defects/Scripts/DefectAnalysis/build/CMakeFiles/CMakeTmp'


Parsed C implicit link information from above output:
  link line regex: [^( *|.*[/\])(ld|([^/\]+-)?ld|collect2)[^/\]*( |$)]
  ignore line: [Change Dir: /usr/users/iff_th2/duman/Defects/Scripts/DefectAnalysis/build/CMakeFiles/CMakeTmp]
  ignore line: []
  ignore line: [Run Build Command:"/usr/bin/gmake" "cmTC_bf5c8/fast"]
  ignore line: [/usr/bin/gmake -f CMakeFiles/cmTC_bf5c8.dir/build.make CMakeFiles/cmTC_bf5c8.dir/build]
  ignore line: [gmake[1]: Entering directory `/usr/users/iff_th2/duman/Defects/Scripts/DefectAnalysis/build/CMakeFiles/CMakeTmp']
  ignore line: [Building C object CMakeFiles/cmTC_bf5c8.dir/CMakeCCompilerABI.c.o]
  ignore line: [/usr/bin/cc     -o CMakeFiles/cmTC_bf5c8.dir/CMakeCCompilerABI.c.o   -c /tmp_mnt/el6/share/cmake-3.5/Modules/CMakeCCompilerABI.c]
  ignore line: [Linking C executable cmTC_bf5c8]
  ignore line: [/tmp_mnt/el6/bin/cmake -E cmake_link_script CMakeFiles/cmTC_bf5c8.dir/link.txt --verbose=1]
  ignore line: [/usr/bin/cc      -v CMakeFiles/cmTC_bf5c8.dir/CMakeCCompilerABI.c.o  -o cmTC_bf5c8  ]
  ignore line: [Using built-in specs.]
  ignore line: [Target: x86_64-redhat-linux]
  ignore line: [Configured with: ../configure --prefix=/usr --mandir=/usr/share/man --infodir=/usr/share/info --with-bugurl=http://bugzilla.redhat.com/bugzilla --enable-bootstrap --enable-shared --enable-threads=posix --enable-checking=release --with-system-zlib --enable-__cxa_atexit --disable-libunwind-exceptions --enable-gnu-unique-object --enable-languages=c,c++,objc,obj-c++,java,fortran,ada --enable-java-awt=gtk --disable-dssi --with-java-home=/usr/lib/jvm/java-1.5.0-gcj-1.5.0.0/jre --enable-libgcj-multifile --enable-java-maintainer-mode --with-ecj-jar=/usr/share/java/eclipse-ecj.jar --disable-libjava-multilib --with-ppl --with-cloog --with-tune=generic --with-arch_32=i686 --build=x86_64-redhat-linux]
  ignore line: [Thread model: posix]
  ignore line: [gcc version 4.4.7 20120313 (Red Hat 4.4.7-18) (GCC) ]
  ignore line: [COMPILER_PATH=/usr/libexec/gcc/x86_64-redhat-linux/4.4.7/:/usr/libexec/gcc/x86_64-redhat-linux/4.4.7/:/usr/libexec/gcc/x86_64-redhat-linux/:/usr/lib/gcc/x86_64-redhat-linux/4.4.7/:/usr/lib/gcc/x86_64-redhat-linux/:/usr/libexec/gcc/x86_64-redhat-linux/4.4.7/:/usr/libexec/gcc/x86_64-redhat-linux/:/usr/lib/gcc/x86_64-redhat-linux/4.4.7/:/usr/lib/gcc/x86_64-redhat-linux/]
  ignore line: [LIBRARY_PATH=/usr/lib/gcc/x86_64-redhat-linux/4.4.7/:/usr/lib/gcc/x86_64-redhat-linux/4.4.7/:/usr/lib/gcc/x86_64-redhat-linux/4.4.7/../../../../lib64/:/lib/../lib64/:/usr/lib/../lib64/:/usr/lib/gcc/x86_64-redhat-linux/4.4.7/../../../:/lib/:/usr/lib/]
  ignore line: [COLLECT_GCC_OPTIONS='-v' '-o' 'cmTC_bf5c8' '-mtune=generic']
  link line: [ /usr/libexec/gcc/x86_64-redhat-linux/4.4.7/collect2 --eh-frame-hdr --build-id -m elf_x86_64 --hash-style=gnu -dynamic-linker /lib64/ld-linux-x86-64.so.2 -o cmTC_bf5c8 /usr/lib/gcc/x86_64-redhat-linux/4.4.7/../../../../lib64/crt1.o /usr/lib/gcc/x86_64-redhat-linux/4.4.7/../../../../lib64/crti.o /usr/lib/gcc/x86_64-redhat-linux/4.4.7/crtbegin.o -L/usr/lib/gcc/x86_64-redhat-linux/4.4.7 -L/usr/lib/gcc/x86_64-redhat-linux/4.4.7 -L/usr/lib/gcc/x86_64-redhat-linux/4.4.7/../../../../lib64 -L/lib/../lib64 -L/usr/lib/../lib64 -L/usr/lib/gcc/x86_64-redhat-linux/4.4.7/../../.. CMakeFiles/cmTC_bf5c8.dir/CMakeCCompilerABI.c.o -lgcc --as-needed -lgcc_s --no-as-needed -lc -lgcc --as-needed -lgcc_s --no-as-needed /usr/lib/gcc/x86_64-redhat-linux/4.4.7/crtend.o /usr/lib/gcc/x86_64-redhat-linux/4.4.7/../../../../lib64/crtn.o]
    arg [/usr/libexec/gcc/x86_64-redhat-linux/4.4.7/collect2] ==> ignore
    arg [--eh-frame-hdr] ==> ignore
    arg [--build-id] ==> ignore
    arg [-m] ==> ignore
    arg [elf_x86_64] ==> ignore
    arg [--hash-style=gnu] ==> ignore
    arg [-dynamic-linker] ==> ignore
    arg [/lib64/ld-linux-x86-64.so.2] ==> ignore
    arg [-o] ==> ignore
    arg [cmTC_bf5c8] ==> ignore
    arg [/usr/lib/gcc/x86_64-redhat-linux/4.4.7/../../../../lib64/crt1.o] ==> ignore
    arg [/usr/lib/gcc/x86_64-redhat-linux/4.4.7/../../../../lib64/crti.o] ==> ignore
    arg [/usr/lib/gcc/x86_64-redhat-linux/4.4.7/crtbegin.o] ==> ignore
    arg [-L/usr/lib/gcc/x86_64-redhat-linux/4.4.7] ==> dir [/usr/lib/gcc/x86_64-redhat-linux/4.4.7]
    arg [-L/usr/lib/gcc/x86_64-redhat-linux/4.4.7] ==> dir [/usr/lib/gcc/x86_64-redhat-linux/4.4.7]
    arg [-L/usr/lib/gcc/x86_64-redhat-linux/4.4.7/../../../../lib64] ==> dir [/usr/lib/gcc/x86_64-redhat-linux/4.4.7/../../../../lib64]
    arg [-L/lib/../lib64] ==> dir [/lib/../lib64]
    arg [-L/usr/lib/../lib64] ==> dir [/usr/lib/../lib64]
    arg [-L/usr/lib/gcc/x86_64-redhat-linux/4.4.7/../../..] ==> dir [/usr/lib/gcc/x86_64-redhat-linux/4.4.7/../../..]
    arg [CMakeFiles/cmTC_bf5c8.dir/CMakeCCompilerABI.c.o] ==> ignore
    arg [-lgcc] ==> lib [gcc]
    arg [--as-needed] ==> ignore
    arg [-lgcc_s] ==> lib [gcc_s]
    arg [--no-as-needed] ==> ignore
    arg [-lc] ==> lib [c]
    arg [-lgcc] ==> lib [gcc]
    arg [--as-needed] ==> ignore
    arg [-lgcc_s] ==> lib [gcc_s]
    arg [--no-as-needed] ==> ignore
    arg [/usr/lib/gcc/x86_64-redhat-linux/4.4.7/crtend.o] ==> ignore
    arg [/usr/lib/gcc/x86_64-redhat-linux/4.4.7/../../../../lib64/crtn.o] ==> ignore
  remove lib [gcc]
  remove lib [gcc_s]
  remove lib [gcc]
  remove lib [gcc_s]
  collapse library dir [/usr/lib/gcc/x86_64-redhat-linux/4.4.7] ==> [/usr/lib/gcc/x86_64-redhat-linux/4.4.7]
  collapse library dir [/usr/lib/gcc/x86_64-redhat-linux/4.4.7] ==> [/usr/lib/gcc/x86_64-redhat-linux/4.4.7]
  collapse library dir [/usr/lib/gcc/x86_64-redhat-linux/4.4.7/../../../../lib64] ==> [/usr/lib64]
  collapse library dir [/lib/../lib64] ==> [/lib64]
  collapse library dir [/usr/lib/../lib64] ==> [/usr/lib64]
  collapse library dir [/usr/lib/gcc/x86_64-redhat-linux/4.4.7/../../..] ==> [/usr/lib]
  implicit libs: [c]
  implicit dirs: [/usr/lib/gcc/x86_64-redhat-linux/4.4.7;/usr/lib64;/lib64;/usr/lib]
  implicit fwks: []




Detecting C [-std=c99] compiler features compiled with the following output:
Change Dir: /usr/users/iff_th2/duman/Defects/Scripts/DefectAnalysis/build/CMakeFiles/CMakeTmp

Run Build Command:"/usr/bin/gmake" "cmTC_59c82/fast"
/usr/bin/gmake -f CMakeFiles/cmTC_59c82.dir/build.make CMakeFiles/cmTC_59c82.dir/build
gmake[1]: Entering directory `/usr/users/iff_th2/duman/Defects/Scripts/DefectAnalysis/build/CMakeFiles/CMakeTmp'
Building C object CMakeFiles/cmTC_59c82.dir/feature_tests.c.o
/usr/bin/cc    -std=c99 -o CMakeFiles/cmTC_59c82.dir/feature_tests.c.o   -c /usr/users/iff_th2/duman/Defects/Scripts/DefectAnalysis/build/CMakeFiles/feature_tests.c
Linking C executable cmTC_59c82
/tmp_mnt/el6/bin/cmake -E cmake_link_script CMakeFiles/cmTC_59c82.dir/link.txt --verbose=1
/usr/bin/cc       CMakeFiles/cmTC_59c82.dir/feature_tests.c.o  -o cmTC_59c82 
gmake[1]: Leaving directory `/usr/users/iff_th2/duman/Defects/Scripts/DefectAnalysis/build/CMakeFiles/CMakeTmp'


    Feature record: C_FEATURE:1c_function_prototypes
    Feature record: C_FEATURE:1c_restrict
    Feature record: C_FEATURE:0c_static_assert
    Feature record: C_FEATURE:1c_variadic_macros


Detecting C [-std=c89] compiler features compiled with the following output:
Change Dir: /usr/users/iff_th2/duman/Defects/Scripts/DefectAnalysis/build/CMakeFiles/CMakeTmp

Run Build Command:"/usr/bin/gmake" "cmTC_bac85/fast"
/usr/bin/gmake -f CMakeFiles/cmTC_bac85.dir/build.make CMakeFiles/cmTC_bac85.dir/build
gmake[1]: Entering directory `/usr/users/iff_th2/duman/Defects/Scripts/DefectAnalysis/build/CMakeFiles/CMakeTmp'
Building C object CMakeFiles/cmTC_bac85.dir/feature_tests.c.o
/usr/bin/cc    -std=c89 -o CMakeFiles/cmTC_bac85.dir/feature_tests.c.o   -c /usr/users/iff_th2/duman/Defects/Scripts/DefectAnalysis/build/CMakeFiles/feature_tests.c
Linking C executable cmTC_bac85
/tmp_mnt/el6/bin/cmake -E cmake_link_script CMakeFiles/cmTC_bac85.dir/link.txt --verbose=1
/usr/bin/cc       CMakeFiles/cmTC_bac85.dir/feature_tests.c.o  -o cmTC_bac85 
gmake[1]: Leaving directory `/usr/users/iff_th2/duman/Defects/Scripts/DefectAnalysis/build/CMakeFiles/CMakeTmp'


    Feature record: C_FEATURE:1c_function_prototypes
    Feature record: C_FEATURE:0c_restrict
    Feature record: C_FEATURE:0c_static_assert
    Feature record: C_FEATURE:0c_variadic_macros
Determining if the CXX compiler works passed with the following output:
Change Dir: /usr/users/iff_th2/duman/Defects/Scripts/DefectAnalysis/build/CMakeFiles/CMakeTmp

Run Build Command:"/usr/bin/gmake" "cmTC_7cf4f/fast"
/usr/bin/gmake -f CMakeFiles/cmTC_7cf4f.dir/build.make CMakeFiles/cmTC_7cf4f.dir/build
gmake[1]: Entering directory `/usr/users/iff_th2/duman/Defects/Scripts/DefectAnalysis/build/CMakeFiles/CMakeTmp'
Building CXX object CMakeFiles/cmTC_7cf4f.dir/testCXXCompiler.cxx.o
/usr/local/gcc6/bin/g++      -o CMakeFiles/cmTC_7cf4f.dir/testCXXCompiler.cxx.o -c /usr/users/iff_th2/duman/Defects/Scripts/DefectAnalysis/build/CMakeFiles/CMakeTmp/testCXXCompiler.cxx
Linking CXX executable cmTC_7cf4f
/tmp_mnt/el6/bin/cmake -E cmake_link_script CMakeFiles/cmTC_7cf4f.dir/link.txt --verbose=1
/usr/local/gcc6/bin/g++        CMakeFiles/cmTC_7cf4f.dir/testCXXCompiler.cxx.o  -o cmTC_7cf4f 
gmake[1]: Leaving directory `/usr/users/iff_th2/duman/Defects/Scripts/DefectAnalysis/build/CMakeFiles/CMakeTmp'


Detecting CXX compiler ABI info compiled with the following output:
Change Dir: /usr/users/iff_th2/duman/Defects/Scripts/DefectAnalysis/build/CMakeFiles/CMakeTmp

Run Build Command:"/usr/bin/gmake" "cmTC_b7201/fast"
/usr/bin/gmake -f CMakeFiles/cmTC_b7201.dir/build.make CMakeFiles/cmTC_b7201.dir/build
gmake[1]: Entering directory `/usr/users/iff_th2/duman/Defects/Scripts/DefectAnalysis/build/CMakeFiles/CMakeTmp'
Building CXX object CMakeFiles/cmTC_b7201.dir/CMakeCXXCompilerABI.cpp.o
/usr/local/gcc6/bin/g++      -o CMakeFiles/cmTC_b7201.dir/CMakeCXXCompilerABI.cpp.o -c /tmp_mnt/el6/share/cmake-3.5/Modules/CMakeCXXCompilerABI.cpp
Linking CXX executable cmTC_b7201
/tmp_mnt/el6/bin/cmake -E cmake_link_script CMakeFiles/cmTC_b7201.dir/link.txt --verbose=1
/usr/local/gcc6/bin/g++       -v CMakeFiles/cmTC_b7201.dir/CMakeCXXCompilerABI.cpp.o  -o cmTC_b7201  
Reading specs from /tmp_mnt/el6/gcc6/bin/../lib/gcc/x86_64-redhat-linux/6.3.0/specs
COLLECT_GCC=/usr/local/gcc6/bin/g++
COLLECT_LTO_WRAPPER=/tmp_mnt/el6/gcc6/bin/../libexec/gcc/x86_64-redhat-linux/6.3.0/lto-wrapper
Target: x86_64-redhat-linux
Configured with: ./configure --prefix=/usr/local/gcc6 --disable-multilib --with-system-zlib --enable-languages=c,c++,fortran,objc --build=x86_64-redhat-linux
Thread model: posix
gcc version 6.3.0 (GCC) 
COMPILER_PATH=/tmp_mnt/el6/gcc6/bin/../libexec/gcc/x86_64-redhat-linux/6.3.0/:/tmp_mnt/el6/gcc6/bin/../libexec/gcc/
LIBRARY_PATH=/tmp_mnt/el6/gcc6/bin/../lib/gcc/x86_64-redhat-linux/6.3.0/:/tmp_mnt/el6/gcc6/bin/../lib/gcc/:/tmp_mnt/el6/gcc6/bin/../lib/gcc/x86_64-redhat-linux/6.3.0/../../../../lib64/:/lib/../lib64/:/usr/lib/../lib64/:/tmp_mnt/el6/gcc6/bin/../lib/gcc/x86_64-redhat-linux/6.3.0/../../../:/lib/:/usr/lib/
COLLECT_GCC_OPTIONS='-v' '-o' 'cmTC_b7201' '-shared-libgcc' '-mtune=generic' '-march=x86-64'
 /tmp_mnt/el6/gcc6/bin/../libexec/gcc/x86_64-redhat-linux/6.3.0/collect2 --eh-frame-hdr -m elf_x86_64 -dynamic-linker /lib64/ld-linux-x86-64.so.2 -o cmTC_b7201 /usr/lib/../lib64/crt1.o /usr/lib/../lib64/crti.o /tmp_mnt/el6/gcc6/bin/../lib/gcc/x86_64-redhat-linux/6.3.0/crtbegin.o -L/tmp_mnt/el6/gcc6/bin/../lib/gcc/x86_64-redhat-linux/6.3.0 -L/tmp_mnt/el6/gcc6/bin/../lib/gcc -L/tmp_mnt/el6/gcc6/bin/../lib/gcc/x86_64-redhat-linux/6.3.0/../../../../lib64 -L/lib/../lib64 -L/usr/lib/../lib64 -L/tmp_mnt/el6/gcc6/bin/../lib/gcc/x86_64-redhat-linux/6.3.0/../../.. -rpath=/usr/local/gcc6/lib64 CMakeFiles/cmTC_b7201.dir/CMakeCXXCompilerABI.cpp.o -lstdc++ -lm -lgcc_s -lgcc -lc -lgcc_s -lgcc /tmp_mnt/el6/gcc6/bin/../lib/gcc/x86_64-redhat-linux/6.3.0/crtend.o /usr/lib/../lib64/crtn.o
COLLECT_GCC_OPTIONS='-v' '-o' 'cmTC_b7201' '-shared-libgcc' '-mtune=generic' '-march=x86-64'
gmake[1]: Leaving directory `/usr/users/iff_th2/duman/Defects/Scripts/DefectAnalysis/build/CMakeFiles/CMakeTmp'


Parsed CXX implicit link information from above output:
  link line regex: [^( *|.*[/\])(ld|([^/\]+-)?ld|collect2)[^/\]*( |$)]
  ignore line: [Change Dir: /usr/users/iff_th2/duman/Defects/Scripts/DefectAnalysis/build/CMakeFiles/CMakeTmp]
  ignore line: []
  ignore line: [Run Build Command:"/usr/bin/gmake" "cmTC_b7201/fast"]
  ignore line: [/usr/bin/gmake -f CMakeFiles/cmTC_b7201.dir/build.make CMakeFiles/cmTC_b7201.dir/build]
  ignore line: [gmake[1]: Entering directory `/usr/users/iff_th2/duman/Defects/Scripts/DefectAnalysis/build/CMakeFiles/CMakeTmp']
  ignore line: [Building CXX object CMakeFiles/cmTC_b7201.dir/CMakeCXXCompilerABI.cpp.o]
  ignore line: [/usr/local/gcc6/bin/g++      -o CMakeFiles/cmTC_b7201.dir/CMakeCXXCompilerABI.cpp.o -c /tmp_mnt/el6/share/cmake-3.5/Modules/CMakeCXXCompilerABI.cpp]
  ignore line: [Linking CXX executable cmTC_b7201]
  ignore line: [/tmp_mnt/el6/bin/cmake -E cmake_link_script CMakeFiles/cmTC_b7201.dir/link.txt --verbose=1]
  ignore line: [/usr/local/gcc6/bin/g++       -v CMakeFiles/cmTC_b7201.dir/CMakeCXXCompilerABI.cpp.o  -o cmTC_b7201  ]
  ignore line: [Reading specs from /tmp_mnt/el6/gcc6/bin/../lib/gcc/x86_64-redhat-linux/6.3.0/specs]
  ignore line: [COLLECT_GCC=/usr/local/gcc6/bin/g++]
  ignore line: [COLLECT_LTO_WRAPPER=/tmp_mnt/el6/gcc6/bin/../libexec/gcc/x86_64-redhat-linux/6.3.0/lto-wrapper]
  ignore line: [Target: x86_64-redhat-linux]
  ignore line: [Configured with: ./configure --prefix=/usr/local/gcc6 --disable-multilib --with-system-zlib --enable-languages=c,c++,fortran,objc --build=x86_64-redhat-linux]
  ignore line: [Thread model: posix]
  ignore line: [gcc version 6.3.0 (GCC) ]
  ignore line: [COMPILER_PATH=/tmp_mnt/el6/gcc6/bin/../libexec/gcc/x86_64-redhat-linux/6.3.0/:/tmp_mnt/el6/gcc6/bin/../libexec/gcc/]
  ignore line: [LIBRARY_PATH=/tmp_mnt/el6/gcc6/bin/../lib/gcc/x86_64-redhat-linux/6.3.0/:/tmp_mnt/el6/gcc6/bin/../lib/gcc/:/tmp_mnt/el6/gcc6/bin/../lib/gcc/x86_64-redhat-linux/6.3.0/../../../../lib64/:/lib/../lib64/:/usr/lib/../lib64/:/tmp_mnt/el6/gcc6/bin/../lib/gcc/x86_64-redhat-linux/6.3.0/../../../:/lib/:/usr/lib/]
  ignore line: [COLLECT_GCC_OPTIONS='-v' '-o' 'cmTC_b7201' '-shared-libgcc' '-mtune=generic' '-march=x86-64']
  link line: [ /tmp_mnt/el6/gcc6/bin/../libexec/gcc/x86_64-redhat-linux/6.3.0/collect2 --eh-frame-hdr -m elf_x86_64 -dynamic-linker /lib64/ld-linux-x86-64.so.2 -o cmTC_b7201 /usr/lib/../lib64/crt1.o /usr/lib/../lib64/crti.o /tmp_mnt/el6/gcc6/bin/../lib/gcc/x86_64-redhat-linux/6.3.0/crtbegin.o -L/tmp_mnt/el6/gcc6/bin/../lib/gcc/x86_64-redhat-linux/6.3.0 -L/tmp_mnt/el6/gcc6/bin/../lib/gcc -L/tmp_mnt/el6/gcc6/bin/../lib/gcc/x86_64-redhat-linux/6.3.0/../../../../lib64 -L/lib/../lib64 -L/usr/lib/../lib64 -L/tmp_mnt/el6/gcc6/bin/../lib/gcc/x86_64-redhat-linux/6.3.0/../../.. -rpath=/usr/local/gcc6/lib64 CMakeFiles/cmTC_b7201.dir/CMakeCXXCompilerABI.cpp.o -lstdc++ -lm -lgcc_s -lgcc -lc -lgcc_s -lgcc /tmp_mnt/el6/gcc6/bin/../lib/gcc/x86_64-redhat-linux/6.3.0/crtend.o /usr/lib/../lib64/crtn.o]
    arg [/tmp_mnt/el6/gcc6/bin/../libexec/gcc/x86_64-redhat-linux/6.3.0/collect2] ==> ignore
    arg [--eh-frame-hdr] ==> ignore
    arg [-m] ==> ignore
    arg [elf_x86_64] ==> ignore
    arg [-dynamic-linker] ==> ignore
    arg [/lib64/ld-linux-x86-64.so.2] ==> ignore
    arg [-o] ==> ignore
    arg [cmTC_b7201] ==> ignore
    arg [/usr/lib/../lib64/crt1.o] ==> ignore
    arg [/usr/lib/../lib64/crti.o] ==> ignore
    arg [/tmp_mnt/el6/gcc6/bin/../lib/gcc/x86_64-redhat-linux/6.3.0/crtbegin.o] ==> ignore
    arg [-L/tmp_mnt/el6/gcc6/bin/../lib/gcc/x86_64-redhat-linux/6.3.0] ==> dir [/tmp_mnt/el6/gcc6/bin/../lib/gcc/x86_64-redhat-linux/6.3.0]
    arg [-L/tmp_mnt/el6/gcc6/bin/../lib/gcc] ==> dir [/tmp_mnt/el6/gcc6/bin/../lib/gcc]
    arg [-L/tmp_mnt/el6/gcc6/bin/../lib/gcc/x86_64-redhat-linux/6.3.0/../../../../lib64] ==> dir [/tmp_mnt/el6/gcc6/bin/../lib/gcc/x86_64-redhat-linux/6.3.0/../../../../lib64]
    arg [-L/lib/../lib64] ==> dir [/lib/../lib64]
    arg [-L/usr/lib/../lib64] ==> dir [/usr/lib/../lib64]
    arg [-L/tmp_mnt/el6/gcc6/bin/../lib/gcc/x86_64-redhat-linux/6.3.0/../../..] ==> dir [/tmp_mnt/el6/gcc6/bin/../lib/gcc/x86_64-redhat-linux/6.3.0/../../..]
    arg [-rpath=/usr/local/gcc6/lib64] ==> ignore
    arg [CMakeFiles/cmTC_b7201.dir/CMakeCXXCompilerABI.cpp.o] ==> ignore
    arg [-lstdc++] ==> lib [stdc++]
    arg [-lm] ==> lib [m]
    arg [-lgcc_s] ==> lib [gcc_s]
    arg [-lgcc] ==> lib [gcc]
    arg [-lc] ==> lib [c]
    arg [-lgcc_s] ==> lib [gcc_s]
    arg [-lgcc] ==> lib [gcc]
    arg [/tmp_mnt/el6/gcc6/bin/../lib/gcc/x86_64-redhat-linux/6.3.0/crtend.o] ==> ignore
    arg [/usr/lib/../lib64/crtn.o] ==> ignore
  remove lib [gcc_s]
  remove lib [gcc]
  remove lib [gcc_s]
  remove lib [gcc]
  collapse library dir [/tmp_mnt/el6/gcc6/bin/../lib/gcc/x86_64-redhat-linux/6.3.0] ==> [/tmp_mnt/el6/gcc6/lib/gcc/x86_64-redhat-linux/6.3.0]
  collapse library dir [/tmp_mnt/el6/gcc6/bin/../lib/gcc] ==> [/tmp_mnt/el6/gcc6/lib/gcc]
  collapse library dir [/tmp_mnt/el6/gcc6/bin/../lib/gcc/x86_64-redhat-linux/6.3.0/../../../../lib64] ==> [/tmp_mnt/el6/gcc6/lib64]
  collapse library dir [/lib/../lib64] ==> [/lib64]
  collapse library dir [/usr/lib/../lib64] ==> [/usr/lib64]
  collapse library dir [/tmp_mnt/el6/gcc6/bin/../lib/gcc/x86_64-redhat-linux/6.3.0/../../..] ==> [/tmp_mnt/el6/gcc6/lib]
  implicit libs: [stdc++;m;c]
  implicit dirs: [/tmp_mnt/el6/gcc6/lib/gcc/x86_64-redhat-linux/6.3.0;/tmp_mnt/el6/gcc6/lib/gcc;/tmp_mnt/el6/gcc6/lib64;/lib64;/usr/lib64;/tmp_mnt/el6/gcc6/lib]
  implicit fwks: []




Detecting CXX [-std=c++14] compiler features compiled with the following output:
Change Dir: /usr/users/iff_th2/duman/Defects/Scripts/DefectAnalysis/build/CMakeFiles/CMakeTmp

Run Build Command:"/usr/bin/gmake" "cmTC_18483/fast"
/usr/bin/gmake -f CMakeFiles/cmTC_18483.dir/build.make CMakeFiles/cmTC_18483.dir/build
gmake[1]: Entering directory `/usr/users/iff_th2/duman/Defects/Scripts/DefectAnalysis/build/CMakeFiles/CMakeTmp'
Building CXX object CMakeFiles/cmTC_18483.dir/feature_tests.cxx.o
/usr/local/gcc6/bin/g++     -std=c++14 -o CMakeFiles/cmTC_18483.dir/feature_tests.cxx.o -c /usr/users/iff_th2/duman/Defects/Scripts/DefectAnalysis/build/CMakeFiles/feature_tests.cxx
Linking CXX executable cmTC_18483
/tmp_mnt/el6/bin/cmake -E cmake_link_script CMakeFiles/cmTC_18483.dir/link.txt --verbose=1
/usr/local/gcc6/bin/g++        CMakeFiles/cmTC_18483.dir/feature_tests.cxx.o  -o cmTC_18483 
gmake[1]: Leaving directory `/usr/users/iff_th2/duman/Defects/Scripts/DefectAnalysis/build/CMakeFiles/CMakeTmp'


    Feature record: CXX_FEATURE:1cxx_aggregate_default_initializers
    Feature record: CXX_FEATURE:1cxx_alias_templates
    Feature record: CXX_FEATURE:1cxx_alignas
    Feature record: CXX_FEATURE:1cxx_alignof
    Feature record: CXX_FEATURE:1cxx_attributes
    Feature record: CXX_FEATURE:1cxx_attribute_deprecated
    Feature record: CXX_FEATURE:1cxx_auto_type
    Feature record: CXX_FEATURE:1cxx_binary_literals
    Feature record: CXX_FEATURE:1cxx_constexpr
    Feature record: CXX_FEATURE:1cxx_contextual_conversions
    Feature record: CXX_FEATURE:1cxx_decltype
    Feature record: CXX_FEATURE:1cxx_decltype_auto
    Feature record: CXX_FEATURE:1cxx_decltype_incomplete_return_types
    Feature record: CXX_FEATURE:1cxx_default_function_template_args
    Feature record: CXX_FEATURE:1cxx_defaulted_functions
    Feature record: CXX_FEATURE:1cxx_defaulted_move_initializers
    Feature record: CXX_FEATURE:1cxx_delegating_constructors
    Feature record: CXX_FEATURE:1cxx_deleted_functions
    Feature record: CXX_FEATURE:1cxx_digit_separators
    Feature record: CXX_FEATURE:1cxx_enum_forward_declarations
    Feature record: CXX_FEATURE:1cxx_explicit_conversions
    Feature record: CXX_FEATURE:1cxx_extended_friend_declarations
    Feature record: CXX_FEATURE:1cxx_extern_templates
    Feature record: CXX_FEATURE:1cxx_final
    Feature record: CXX_FEATURE:1cxx_func_identifier
    Feature record: CXX_FEATURE:1cxx_generalized_initializers
    Feature record: CXX_FEATURE:1cxx_generic_lambdas
    Feature record: CXX_FEATURE:1cxx_inheriting_constructors
    Feature record: CXX_FEATURE:1cxx_inline_namespaces
    Feature record: CXX_FEATURE:1cxx_lambdas
    Feature record: CXX_FEATURE:1cxx_lambda_init_captures
    Feature record: CXX_FEATURE:1cxx_local_type_template_args
    Feature record: CXX_FEATURE:1cxx_long_long_type
    Feature record: CXX_FEATURE:1cxx_noexcept
    Feature record: CXX_FEATURE:1cxx_nonstatic_member_init
    Feature record: CXX_FEATURE:1cxx_nullptr
    Feature record: CXX_FEATURE:1cxx_override
    Feature record: CXX_FEATURE:1cxx_range_for
    Feature record: CXX_FEATURE:1cxx_raw_string_literals
    Feature record: CXX_FEATURE:1cxx_reference_qualified_functions
    Feature record: CXX_FEATURE:1cxx_relaxed_constexpr
    Feature record: CXX_FEATURE:1cxx_return_type_deduction
    Feature record: CXX_FEATURE:1cxx_right_angle_brackets
    Feature record: CXX_FEATURE:1cxx_rvalue_references
    Feature record: CXX_FEATURE:1cxx_sizeof_member
    Feature record: CXX_FEATURE:1cxx_static_assert
    Feature record: CXX_FEATURE:1cxx_strong_enums
    Feature record: CXX_FEATURE:1cxx_template_template_parameters
    Feature record: CXX_FEATURE:1cxx_thread_local
    Feature record: CXX_FEATURE:1cxx_trailing_return_types
    Feature record: CXX_FEATURE:1cxx_unicode_literals
    Feature record: CXX_FEATURE:1cxx_uniform_initialization
    Feature record: CXX_FEATURE:1cxx_unrestricted_unions
    Feature record: CXX_FEATURE:1cxx_user_literals
    Feature record: CXX_FEATURE:1cxx_variable_templates
    Feature record: CXX_FEATURE:1cxx_variadic_macros
    Feature record: CXX_FEATURE:1cxx_variadic_templates


Detecting CXX [-std=c++11] compiler features compiled with the following output:
Change Dir: /usr/users/iff_th2/duman/Defects/Scripts/DefectAnalysis/build/CMakeFiles/CMakeTmp

Run Build Command:"/usr/bin/gmake" "cmTC_1ae0b/fast"
/usr/bin/gmake -f CMakeFiles/cmTC_1ae0b.dir/build.make CMakeFiles/cmTC_1ae0b.dir/build
gmake[1]: Entering directory `/usr/users/iff_th2/duman/Defects/Scripts/DefectAnalysis/build/CMakeFiles/CMakeTmp'
Building CXX object CMakeFiles/cmTC_1ae0b.dir/feature_tests.cxx.o
/usr/local/gcc6/bin/g++     -std=c++11 -o CMakeFiles/cmTC_1ae0b.dir/feature_tests.cxx.o -c /usr/users/iff_th2/duman/Defects/Scripts/DefectAnalysis/build/CMakeFiles/feature_tests.cxx
Linking CXX executable cmTC_1ae0b
/tmp_mnt/el6/bin/cmake -E cmake_link_script CMakeFiles/cmTC_1ae0b.dir/link.txt --verbose=1
/usr/local/gcc6/bin/g++        CMakeFiles/cmTC_1ae0b.dir/feature_tests.cxx.o  -o cmTC_1ae0b 
gmake[1]: Leaving directory `/usr/users/iff_th2/duman/Defects/Scripts/DefectAnalysis/build/CMakeFiles/CMakeTmp'


    Feature record: CXX_FEATURE:0cxx_aggregate_default_initializers
    Feature record: CXX_FEATURE:1cxx_alias_templates
    Feature record: CXX_FEATURE:1cxx_alignas
    Feature record: CXX_FEATURE:1cxx_alignof
    Feature record: CXX_FEATURE:1cxx_attributes
    Feature record: CXX_FEATURE:0cxx_attribute_deprecated
    Feature record: CXX_FEATURE:1cxx_auto_type
    Feature record: CXX_FEATURE:0cxx_binary_literals
    Feature record: CXX_FEATURE:1cxx_constexpr
    Feature record: CXX_FEATURE:0cxx_contextual_conversions
    Feature record: CXX_FEATURE:1cxx_decltype
    Feature record: CXX_FEATURE:0cxx_decltype_auto
    Feature record: CXX_FEATURE:1cxx_decltype_incomplete_return_types
    Feature record: CXX_FEATURE:1cxx_default_function_template_args
    Feature record: CXX_FEATURE:1cxx_defaulted_functions
    Feature record: CXX_FEATURE:1cxx_defaulted_move_initializers
    Feature record: CXX_FEATURE:1cxx_delegating_constructors
    Feature record: CXX_FEATURE:1cxx_deleted_functions
    Feature record: CXX_FEATURE:0cxx_digit_separators
    Feature record: CXX_FEATURE:1cxx_enum_forward_declarations
    Feature record: CXX_FEATURE:1cxx_explicit_conversions
    Feature record: CXX_FEATURE:1cxx_extended_friend_declarations
    Feature record: CXX_FEATURE:1cxx_extern_templates
    Feature record: CXX_FEATURE:1cxx_final
    Feature record: CXX_FEATURE:1cxx_func_identifier
    Feature record: CXX_FEATURE:1cxx_generalized_initializers
    Feature record: CXX_FEATURE:0cxx_generic_lambdas
    Feature record: CXX_FEATURE:1cxx_inheriting_constructors
    Feature record: CXX_FEATURE:1cxx_inline_namespaces
    Feature record: CXX_FEATURE:1cxx_lambdas
    Feature record: CXX_FEATURE:0cxx_lambda_init_captures
    Feature record: CXX_FEATURE:1cxx_local_type_template_args
    Feature record: CXX_FEATURE:1cxx_long_long_type
    Feature record: CXX_FEATURE:1cxx_noexcept
    Feature record: CXX_FEATURE:1cxx_nonstatic_member_init
    Feature record: CXX_FEATURE:1cxx_nullptr
    Feature record: CXX_FEATURE:1cxx_override
    Feature record: CXX_FEATURE:1cxx_range_for
    Feature record: CXX_FEATURE:1cxx_raw_string_literals
    Feature record: CXX_FEATURE:1cxx_reference_qualified_functions
    Feature record: CXX_FEATURE:0cxx_relaxed_constexpr
    Feature record: CXX_FEATURE:0cxx_return_type_deduction
    Feature record: CXX_FEATURE:1cxx_right_angle_brackets
    Feature record: CXX_FEATURE:1cxx_rvalue_references
    Feature record: CXX_FEATURE:1cxx_sizeof_member
    Feature record: CXX_FEATURE:1cxx_static_assert
    Feature record: CXX_FEATURE:1cxx_strong_enums
    Feature record: CXX_FEATURE:1cxx_template_template_parameters
    Feature record: CXX_FEATURE:1cxx_thread_local
    Feature record: CXX_FEATURE:1cxx_trailing_return_types
    Feature record: CXX_FEATURE:1cxx_unicode_literals
    Feature record: CXX_FEATURE:1cxx_uniform_initialization
    Feature record: CXX_FEATURE:1cxx_unrestricted_unions
    Feature record: CXX_FEATURE:1cxx_user_literals
    Feature record: CXX_FEATURE:0cxx_variable_templates
    Feature record: CXX_FEATURE:1cxx_variadic_macros
    Feature record: CXX_FEATURE:1cxx_variadic_templates


Detecting CXX [-std=c++98] compiler features compiled with the following output:
Change Dir: /usr/users/iff_th2/duman/Defects/Scripts/DefectAnalysis/build/CMakeFiles/CMakeTmp

Run Build Command:"/usr/bin/gmake" "cmTC_1fee4/fast"
/usr/bin/gmake -f CMakeFiles/cmTC_1fee4.dir/build.make CMakeFiles/cmTC_1fee4.dir/build
gmake[1]: Entering directory `/usr/users/iff_th2/duman/Defects/Scripts/DefectAnalysis/build/CMakeFiles/CMakeTmp'
Building CXX object CMakeFiles/cmTC_1fee4.dir/feature_tests.cxx.o
/usr/local/gcc6/bin/g++     -std=c++98 -o CMakeFiles/cmTC_1fee4.dir/feature_tests.cxx.o -c /usr/users/iff_th2/duman/Defects/Scripts/DefectAnalysis/build/CMakeFiles/feature_tests.cxx
Linking CXX executable cmTC_1fee4
/tmp_mnt/el6/bin/cmake -E cmake_link_script CMakeFiles/cmTC_1fee4.dir/link.txt --verbose=1
/usr/local/gcc6/bin/g++        CMakeFiles/cmTC_1fee4.dir/feature_tests.cxx.o  -o cmTC_1fee4 
gmake[1]: Leaving directory `/usr/users/iff_th2/duman/Defects/Scripts/DefectAnalysis/build/CMakeFiles/CMakeTmp'


    Feature record: CXX_FEATURE:0cxx_aggregate_default_initializers
    Feature record: CXX_FEATURE:0cxx_alias_templates
    Feature record: CXX_FEATURE:0cxx_alignas
    Feature record: CXX_FEATURE:0cxx_alignof
    Feature record: CXX_FEATURE:0cxx_attributes
    Feature record: CXX_FEATURE:0cxx_attribute_deprecated
    Feature record: CXX_FEATURE:0cxx_auto_type
    Feature record: CXX_FEATURE:0cxx_binary_literals
    Feature record: CXX_FEATURE:0cxx_constexpr
    Feature record: CXX_FEATURE:0cxx_contextual_conversions
    Feature record: CXX_FEATURE:0cxx_decltype
    Feature record: CXX_FEATURE:0cxx_decltype_auto
    Feature record: CXX_FEATURE:0cxx_decltype_incomplete_return_types
    Feature record: CXX_FEATURE:0cxx_default_function_template_args
    Feature record: CXX_FEATURE:0cxx_defaulted_functions
    Feature record: CXX_FEATURE:0cxx_defaulted_move_initializers
    Feature record: CXX_FEATURE:0cxx_delegating_constructors
    Feature record: CXX_FEATURE:0cxx_deleted_functions
    Feature record: CXX_FEATURE:0cxx_digit_separators
    Feature record: CXX_FEATURE:0cxx_enum_forward_declarations
    Feature record: CXX_FEATURE:0cxx_explicit_conversions
    Feature record: CXX_FEATURE:0cxx_extended_friend_declarations
    Feature record: CXX_FEATURE:0cxx_extern_templates
    Feature record: CXX_FEATURE:0cxx_final
    Feature record: CXX_FEATURE:0cxx_func_identifier
    Feature record: CXX_FEATURE:0cxx_generalized_initializers
    Feature record: CXX_FEATURE:0cxx_generic_lambdas
    Feature record: CXX_FEATURE:0cxx_inheriting_constructors
    Feature record: CXX_FEATURE:0cxx_inline_namespaces
    Feature record: CXX_FEATURE:0cxx_lambdas
    Feature record: CXX_FEATURE:0cxx_lambda_init_captures
    Feature record: CXX_FEATURE:0cxx_local_type_template_args
    Feature record: CXX_FEATURE:0cxx_long_long_type
    Feature record: CXX_FEATURE:0cxx_noexcept
    Feature record: CXX_FEATURE:0cxx_nonstatic_member_init
    Feature record: CXX_FEATURE:0cxx_nullptr
    Feature record: CXX_FEATURE:0cxx_override
    Feature record: CXX_FEATURE:0cxx_range_for
    Feature record: CXX_FEATURE:0cxx_raw_string_literals
    Feature record: CXX_FEATURE:0cxx_reference_qualified_functions
    Feature record: CXX_FEATURE:0cxx_relaxed_constexpr
    Feature record: CXX_FEATURE:0cxx_return_type_deduction
    Feature record: CXX_FEATURE:0cxx_right_angle_brackets
    Feature record: CXX_FEATURE:0cxx_rvalue_references
    Feature record: CXX_FEATURE:0cxx_sizeof_member
    Feature record: CXX_FEATURE:0cxx_static_assert
    Feature record: CXX_FEATURE:0cxx_strong_enums
    Feature record: CXX_FEATURE:1cxx_template_template_parameters
    Feature record: CXX_FEATURE:0cxx_thread_local
    Feature record: CXX_FEATURE:0cxx_trailing_return_types
    Feature record: CXX_FEATURE:0cxx_unicode_literals
    Feature record: CXX_FEATURE:0cxx_uniform_initialization
    Feature record: CXX_FEATURE:0cxx_unrestricted_unions
    Feature record: CXX_FEATURE:0cxx_user_literals
    Feature record: CXX_FEATURE:0cxx_variable_templates
    Feature record: CXX_FEATURE:0cxx_variadic_macros
    Feature record: CXX_FEATURE:0cxx_variadic_templates
